<?xml version="1.0" encoding="UTF-8"?>
<testsuite xmlns:xsi="http://www.w3.org/2001/XMLSchema-instance" xsi:noNamespaceSchemaLocation="https://maven.apache.org/surefire/maven-surefire-plugin/xsd/surefire-test-report.xsd" version="3.0.2" name="pe.edu.utp.proyecto_disenopatrones.ProyectoDisenoPatronesApplicationTests" time="7.456" tests="1" errors="0" skipped="0" failures="0" flakes="0">
  <properties>
[...]
</properties>
  <testcase name="contextLoads" classname="pe.edu.utp.proyecto_disenopatrones.ProyectoDisenoPatronesApplicationTests" time="0.369">
    <system-out><![CDATA[03:09:54.631 [main] INFO org.springframework.test.context.support.AnnotationConfigContextLoaderUtils -- Could not detect default configuration classes for test class [pe.edu.utp.proyecto_disenopatrones.ProyectoDisenoPatronesApplicationTests]: ProyectoDisenoPatronesApplicationTests does not declare any static, non-private, non-final, nested classes annotated with @Configuration.
03:09:54.805 [main] INFO org.springframework.boot.test.context.SpringBootTestContextBootstrapper -- Found @SpringBootConfiguration pe.edu.utp.proyecto_disenopatrones.ProyectoDisenoPatronesApplication for test class pe.edu.utp.proyecto_disenopatrones.ProyectoDisenoPatronesApplicationTests
03:09:54.946 [main] INFO org.springframework.test.context.support.AnnotationConfigContextLoaderUtils -- Could not detect default configuration classes for test class [pe.edu.utp.proyecto_disenopatrones.ProyectoDisenoPatronesApplicationTests]: ProyectoDisenoPatronesApplicationTests does not declare any static, non-private, non-final, nested classes annotated with @Configuration.
03:09:54.947 [main] INFO org.springframework.boot.test.context.SpringBootTestContextBootstrapper -- Found @SpringBootConfiguration pe.edu.utp.proyecto_disenopatrones.ProyectoDisenoPatronesApplication for test class pe.edu.utp.proyecto_disenopatrones.ProyectoDisenoPatronesApplicationTests
03:09:55.043 [main] INFO org.springframework.boot.devtools.restart.RestartApplicationListener -- Restart disabled due to context in which it is running

  .   ____          _            __ _ _
 /\\ / ___'_ __ _ _(_)_ __  __ _ \ \ \ \
( ( )\___ | '_ | '_| | '_ \/ _` | \ \ \ \
 \\/  ___)| |_)| | | | | || (_| |  ) ) ) )
  '  |____| .__|_| |_|_| |_\__, | / / / /
 =========|_|==============|___/=/_/_/_/

 :: Spring Boot ::                (v4.1.0)

2026-07-16T03:09:55.426-05:00  INFO 9120 --- [laboratorio-poo] [           main] p.ProyectoDisenoPatronesApplicationTests : Starting ProyectoDisenoPatronesApplicationTests using Java 21 with PID 9120 (started by LOQ in C:\Users\LOQ\Desktop\ProyectoDisenoPatrones_v2)
2026-07-16T03:09:55.428-05:00  INFO 9120 --- [laboratorio-poo] [           main] p.ProyectoDisenoPatronesApplicationTests : No active profile set, falling back to 1 default profile: "default"
2026-07-16T03:09:56.372-05:00  INFO 9120 --- [laboratorio-poo] [           main] .s.d.r.c.RepositoryConfigurationDelegate : Bootstrapping Spring Data JPA repositories in DEFAULT mode.
2026-07-16T03:09:56.478-05:00  INFO 9120 --- [laboratorio-poo] [           main] .s.d.r.c.RepositoryConfigurationDelegate : Finished Spring Data repository scanning in 93 ms. Found 17 JPA repository interfaces.
2026-07-16T03:09:57.016-05:00  INFO 9120 --- [laboratorio-poo] [           main] org.hibernate.orm.jpa                    : HHH008540: Processing PersistenceUnitInfo [name: default]
2026-07-16T03:09:57.105-05:00  INFO 9120 --- [laboratorio-poo] [           main] org.hibernate.orm.core                   : HHH000001: Hibernate ORM core version 7.4.1.Final
2026-07-16T03:09:57.760-05:00  INFO 9120 --- [laboratorio-poo] [           main] o.s.o.j.p.SpringPersistenceUnitInfo      : No LoadTimeWeaver setup: ignoring JPA class transformer
2026-07-16T03:09:57.822-05:00  INFO 9120 --- [laboratorio-poo] [           main] com.zaxxer.hikari.HikariDataSource       : HikariPool-1 - Starting...
2026-07-16T03:09:58.209-05:00  INFO 9120 --- [laboratorio-poo] [           main] com.zaxxer.hikari.pool.HikariPool        : HikariPool-1 - Added connection conn0: url=jdbc:h2:mem:testdb user=SA
2026-07-16T03:09:58.212-05:00  INFO 9120 --- [laboratorio-poo] [           main] com.zaxxer.hikari.HikariDataSource       : HikariPool-1 - Start completed.
2026-07-16T03:09:58.266-05:00  WARN 9120 --- [laboratorio-poo] [           main] org.hibernate.orm.deprecation            : HHH90000025: H2Dialect does not need to be specified explicitly using 'hibernate.dialect' (remove the property setting and it will be selected by default)
2026-07-16T03:09:58.307-05:00  INFO 9120 --- [laboratorio-poo] [           main] org.hibernate.orm.connections.pooling    : HHH10001005: Database info:
	Database JDBC URL [jdbc:h2:mem:testdb]
	Database driver: H2 JDBC Driver
	Database dialect: H2Dialect
	Database version: 2.4.240
	Default catalog/schema: TESTDB/PUBLIC
	Autocommit mode: undefined/unknown
	Isolation level: READ_COMMITTED [default READ_COMMITTED]
	JDBC fetch size: 100
	Pool: DataSourceConnectionProvider
	Minimum pool size: undefined/unknown
	Maximum pool size: undefined/unknown
2026-07-16T03:09:59.971-05:00  INFO 9120 --- [laboratorio-poo] [           main] org.hibernate.orm.core                   : HHH000489: No JTA platform available (set 'hibernate.transaction.jta.platform' to enable JTA platform integration)
Hibernate: 
    create table almacenes (
        id bigint generated by default as identity,
        capacidad_maxima integer,
        nombre varchar(255) not null,
        ubicacion varchar(255) not null,
        primary key (id)
    )
Hibernate: 
    create table categorias (
        id bigint generated by default as identity,
        descripcion varchar(255),
        nombre varchar(255) not null,
        primary key (id)
    )
Hibernate: 
    create table clientes (
        id bigint generated by default as identity,
        apellidos varchar(255) not null,
        correo varchar(255),
        dni varchar(8) not null,
        nombres varchar(255) not null,
        telefono varchar(255),
        direccion_entrega varchar(255),
        ruc varchar(11),
        primary key (id)
    )
Hibernate: 
    create table comprobantes (
        id bigint generated by default as identity,
        fecha_emision timestamp(6) not null,
        numero_emision varchar(255) not null,
        tipo_documento varchar(255) not null,
        total float(53) not null,
        pedido_id bigint not null,
        primary key (id)
    )
Hibernate: 
    create table detalles_pedido (
        id bigint generated by default as identity,
        cantidad integer not null,
        precio_unitario float(53) not null,
        subtotal float(53) not null,
        pedido_id bigint not null,
        producto_id bigint not null,
        primary key (id)
    )
Hibernate: 
    create table devoluciones (
        id bigint generated by default as identity,
        estado varchar(255) not null,
        fecha_devolucion timestamp(6) not null,
        motivo varchar(255) not null,
        pedido_id bigint not null,
        primary key (id)
    )
Hibernate: 
    create table direcciones (
        id bigint generated by default as identity,
        calle varchar(255) not null,
        distrito varchar(255) not null,
        numero varchar(255),
        referencia varchar(255),
        cliente_id bigint not null,
        primary key (id)
    )
Hibernate: 
    create table empleados (
        id bigint generated by default as identity,
        apellidos varchar(255) not null,
        correo varchar(255),
        dni varchar(8) not null,
        nombres varchar(255) not null,
        telefono varchar(255),
        cargo varchar(255) not null,
        salario float(53) not null,
        primary key (id)
    )
Hibernate: 
    create table envios (
        id bigint generated by default as identity,
        direccion_destino varchar(255) not null,
        estado varchar(255) not null,
        fecha_despacho timestamp(6),
        fecha_entrega_estimada timestamp(6),
        pedido_id bigint not null,
        primary key (id)
    )
Hibernate: 
    create table inventarios (
        id bigint generated by default as identity,
        cantidad_fisica integer not null,
        ultima_actualizacion timestamp(6),
        almacen_id bigint not null,
        producto_id bigint not null,
        primary key (id)
    )
Hibernate: 
    create table notificaciones (
        id bigint generated by default as identity,
        fecha_envio timestamp(6) not null,
        mensaje varchar(255) not null,
        tipo varchar(255) not null,
        usuario_id bigint not null,
        primary key (id)
    )
Hibernate: 
    create table pagos (
        id bigint generated by default as identity,
        fecha_pago timestamp(6) not null,
        metodo varchar(255) not null,
        monto float(53) not null,
        pedido_id bigint not null,
        primary key (id)
    )
Hibernate: 
    create table pedidos (
        id bigint generated by default as identity,
        estado varchar(255) not null,
        fecha_pedido timestamp(6) not null,
        total float(53) not null,
        cliente_id bigint not null,
        primary key (id)
    )
Hibernate: 
    create table productos (
        id bigint generated by default as identity,
        descripcion varchar(255),
        nombre varchar(255) not null,
        precio float(53) not null,
        stock integer not null,
        categoria_id bigint not null,
        primary key (id)
    )
Hibernate: 
    create table proveedores (
        id bigint generated by default as identity,
        correo varchar(255),
        razon_social varchar(255) not null,
        ruc varchar(11) not null,
        telefono varchar(255),
        primary key (id)
    )
Hibernate: 
    create table roles (
        id bigint generated by default as identity,
        nombre varchar(255) not null,
        primary key (id)
    )
Hibernate: 
    create table usuarios (
        id bigint generated by default as identity,
        password varchar(255) not null,
        persona_id bigint,
        username varchar(255) not null,
        rol_id bigint not null,
        primary key (id)
    )
Hibernate: 
    alter table if exists categorias 
       drop constraint if exists UKqcog8b7hps1hioi9onqwjdt6y
Hibernate: 
    alter table if exists categorias 
       add constraint UKqcog8b7hps1hioi9onqwjdt6y unique (nombre)
Hibernate: 
    alter table if exists clientes 
       drop constraint if exists UKm6ysdwsqke00e5piajbvgn6lg
Hibernate: 
    alter table if exists clientes 
       add constraint UKm6ysdwsqke00e5piajbvgn6lg unique (dni)
Hibernate: 
    alter table if exists clientes 
       drop constraint if exists UKrmhnmla9eqbpurqdiexnp41uj
Hibernate: 
    alter table if exists clientes 
       add constraint UKrmhnmla9eqbpurqdiexnp41uj unique (ruc)
Hibernate: 
    alter table if exists comprobantes 
       drop constraint if exists UK83fmeqk19fwpabp9o74xs3958
Hibernate: 
    alter table if exists comprobantes 
       add constraint UK83fmeqk19fwpabp9o74xs3958 unique (numero_emision)
Hibernate: 
    alter table if exists comprobantes 
       drop constraint if exists UKg4foyielgegmkhtmvmtuxkam5
Hibernate: 
    alter table if exists comprobantes 
       add constraint UKg4foyielgegmkhtmvmtuxkam5 unique (pedido_id)
Hibernate: 
    alter table if exists devoluciones 
       drop constraint if exists UKm81s396fq79blygjg5mmm1jhi
Hibernate: 
    alter table if exists devoluciones 
       add constraint UKm81s396fq79blygjg5mmm1jhi unique (pedido_id)
Hibernate: 
    alter table if exists empleados 
       drop constraint if exists UKgdkxcplgdjv6ny0g0vu8f8dcm
Hibernate: 
    alter table if exists empleados 
       add constraint UKgdkxcplgdjv6ny0g0vu8f8dcm unique (dni)
Hibernate: 
    alter table if exists envios 
       drop constraint if exists UK2oxa6bc6qmbuix8g8grxsme2i
Hibernate: 
    alter table if exists envios 
       add constraint UK2oxa6bc6qmbuix8g8grxsme2i unique (pedido_id)
Hibernate: 
    alter table if exists pagos 
       drop constraint if exists UK9ibmqk82q3wpbw2l1jcych5kv
Hibernate: 
    alter table if exists pagos 
       add constraint UK9ibmqk82q3wpbw2l1jcych5kv unique (pedido_id)
Hibernate: 
    alter table if exists proveedores 
       drop constraint if exists UKl2qkpg6gem3abown28yrhqjph
Hibernate: 
    alter table if exists proveedores 
       add constraint UKl2qkpg6gem3abown28yrhqjph unique (ruc)
Hibernate: 
    alter table if exists roles 
       drop constraint if exists UKldv0v52e0udsh2h1rs0r0gw1n
Hibernate: 
    alter table if exists roles 
       add constraint UKldv0v52e0udsh2h1rs0r0gw1n unique (nombre)
Hibernate: 
    alter table if exists usuarios 
       drop constraint if exists UKm2dvbwfge291euvmk6vkkocao
Hibernate: 
    alter table if exists usuarios 
       add constraint UKm2dvbwfge291euvmk6vkkocao unique (username)
Hibernate: 
    alter table if exists comprobantes 
       add constraint FKgary0i2owrr3ukhwx0gpflkfx 
       foreign key (pedido_id) 
       references pedidos
Hibernate: 
    alter table if exists detalles_pedido 
       add constraint FK4qmqlxyy78kjl4ec4wjnfmggu 
       foreign key (pedido_id) 
       references pedidos
Hibernate: 
    alter table if exists detalles_pedido 
       add constraint FK8144uqs26ce7usdnqb1aml16 
       foreign key (producto_id) 
       references productos
Hibernate: 
    alter table if exists devoluciones 
       add constraint FKq95otx3txvlva2hbcxyin7ugi 
       foreign key (pedido_id) 
       references pedidos
Hibernate: 
    alter table if exists direcciones 
       add constraint FK94olk2vv84w8en9v3744nnit8 
       foreign key (cliente_id) 
       references clientes
Hibernate: 
    alter table if exists envios 
       add constraint FKbcchp9t05ir7r75y0invlxjkf 
       foreign key (pedido_id) 
       references pedidos
Hibernate: 
    alter table if exists inventarios 
       add constraint FKeyvo3pawmbfrvnmq39qe3c3rf 
       foreign key (almacen_id) 
       references almacenes
Hibernate: 
    alter table if exists inventarios 
       add constraint FKl6umb4q9iu5a17t9bpvn62u4e 
       foreign key (producto_id) 
       references productos
Hibernate: 
    alter table if exists notificaciones 
       add constraint FK1mxbjb81ft61gwlh0kabubndc 
       foreign key (usuario_id) 
       references usuarios
Hibernate: 
    alter table if exists pagos 
       add constraint FKiyxf6ri3p12nsgeef15cxo5tu 
       foreign key (pedido_id) 
       references pedidos
Hibernate: 
    alter table if exists pedidos 
       add constraint FKg7202lk0hwxn04bmdl2thth5b 
       foreign key (cliente_id) 
       references clientes
Hibernate: 
    alter table if exists productos 
       add constraint FK2fwq10nwymfv7fumctxt9vpgb 
       foreign key (categoria_id) 
       references categorias
Hibernate: 
    alter table if exists usuarios 
       add constraint FKqf5elo4jcq7qrt83oi0qmenjo 
       foreign key (rol_id) 
       references roles
2026-07-16T03:10:00.110-05:00  INFO 9120 --- [laboratorio-poo] [           main] j.LocalContainerEntityManagerFactoryBean : Initialized JPA EntityManagerFactory for persistence unit 'default'
2026-07-16T03:10:00.208-05:00  INFO 9120 --- [laboratorio-poo] [           main] o.s.d.j.r.query.QueryEnhancerFactories   : Hibernate is in classpath; If applicable, HQL parser will be used.
2026-07-16T03:10:01.394-05:00  INFO 9120 --- [laboratorio-poo] [           main] o.s.b.h.a.H2ConsoleAutoConfiguration     : H2 console available at '/h2-console'. Database available at 'jdbc:h2:mem:testdb'
2026-07-16T03:10:01.518-05:00  INFO 9120 --- [laboratorio-poo] [           main] p.ProyectoDisenoPatronesApplicationTests : Started ProyectoDisenoPatronesApplicationTests in 6.492 seconds (process running for 8.317)
2026-07-16T03:10:01.523-05:00  WARN 9120 --- [laboratorio-poo] [           main] o.s.core.events.SpringDocAppInitializer  : SpringDoc /v3/api-docs endpoint is enabled by default. To disable it in production, set the property 'springdoc.api-docs.enabled=false'
2026-07-16T03:10:01.523-05:00  WARN 9120 --- [laboratorio-poo] [           main] o.s.core.events.SpringDocAppInitializer  : SpringDoc /swagger-ui.html endpoint is enabled by default. To disable it in production, set the property 'springdoc.swagger-ui.enabled=false'
]]></system-out>
    <system-err><![CDATA[Mockito is currently self-attaching to enable the inline-mock-maker. This will no longer work in future releases of the JDK. Please add Mockito as an agent to your build as described in Mockito's documentation: https://javadoc.io/doc/org.mockito/mockito-core/latest/org.mockito/org/mockito/Mockito.html#0.3
WARNING: A Java agent has been loaded dynamically (C:\Users\LOQ\.m2\repository\net\bytebuddy\byte-buddy-agent\1.18.10\byte-buddy-agent-1.18.10.jar)
WARNING: If a serviceability tool is in use, please run with -XX:+EnableDynamicAgentLoading to hide this warning
WARNING: If a serviceability tool is not in use, please run with -Djdk.instrument.traceUsage for more information
WARNING: Dynamic loading of agents will be disallowed by default in a future release
]]></system-err>
  </testcase>
</testsuite>